c:\users\bat spider\documents\coding\balls c++\balls c++\debug\vc142.pdb
c:\users\bat spider\documents\coding\balls c++\balls c++\debug\vc142.idb
c:\users\bat spider\documents\coding\balls c++\balls c++\debug\shader.obj
c:\users\bat spider\documents\coding\balls c++\balls c++\debug\main.obj
c:\users\bat spider\documents\coding\balls c++\balls c++\debug\vec2f.obj
c:\users\bat spider\documents\coding\balls c++\balls c++\debug\object.obj
c:\users\bat spider\documents\coding\balls c++\balls c++\debug\physics.obj
c:\users\bat spider\documents\coding\balls c++\debug\balls c++.exe
c:\users\bat spider\documents\coding\balls c++\debug\balls c++.ilk
c:\users\bat spider\documents\coding\balls c++\debug\balls c++.pdb
c:\users\bat spider\documents\coding\balls c++\balls c++\debug\ball.obj
c:\users\bat spider\documents\coding\balls c++\balls c++\debug\objecthandler.obj
c:\users\bat spider\documents\coding\balls c++\balls c++\debug\vc141.idb
c:\users\bat spider\documents\coding\balls c++\balls c++\debug\vc141.pdb
c:\users\bat spider\documents\coding\balls c++\balls c++\debug\balls c++.tlog\cl.command.1.tlog
c:\users\bat spider\documents\coding\balls c++\balls c++\debug\balls c++.tlog\cl.read.1.tlog
c:\users\bat spider\documents\coding\balls c++\balls c++\debug\balls c++.tlog\cl.write.1.tlog
c:\users\bat spider\documents\coding\balls c++\balls c++\debug\balls c++.tlog\link.command.1.tlog
c:\users\bat spider\documents\coding\balls c++\balls c++\debug\balls c++.tlog\link.read.1.tlog
c:\users\bat spider\documents\coding\balls c++\balls c++\debug\balls c++.tlog\link.write.1.tlog
